1621442526601	geckodriver	INFO	Listening on 127.0.0.1:62230
1621442527529	mozrunner::runner	INFO	Running command: "/Applications/Firefox.app/Contents/MacOS/firefox-bin" "--marionette" "-foreground" "-no-remote" "-profile" "/var/folders/w8/hnjgznys1ndg4gv6qfwdhdtw0000gn/T/rust_mozprofile7weqHJ"
2021-05-19 17:42:11.962 firefox-bin[91608:6542036] Warning: Expected min height of view: (<NSButton: 0x1455d3400>) to be less than or equal to 30 but got a height of 32.000000. This error will be logged once per view in violation.
2021-05-19 17:42:11.962 firefox-bin[91608:6542036] Warning: Expected min height of view: (<NSButton: 0x1455d5c00>) to be less than or equal to 30 but got a height of 32.000000. This error will be logged once per view in violation.
2021-05-19 17:42:11.963 firefox-bin[91608:6542036] Warning: Expected min height of view: (<NSButton: 0x1455d1c00>) to be less than or equal to 30 but got a height of 32.000000. This error will be logged once per view in violation.
2021-05-19 17:42:11.963 firefox-bin[91608:6542036] Warning: Expected min height of view: (<NSButton: 0x1455d2400>) to be less than or equal to 30 but got a height of 32.000000. This error will be logged once per view in violation.
2021-05-19 17:42:11.963 firefox-bin[91608:6542036] Warning: Expected min height of view: (<NSButton: 0x1455d3800>) to be less than or equal to 30 but got a height of 32.000000. This error will be logged once per view in violation.
2021-05-19 17:42:11.964 firefox-bin[91608:6542036] Warning: Expected min height of view: (<NSPopoverTouchBarItemButton: 0x1455d0c00>) to be less than or equal to 30 but got a height of 32.000000. This error will be logged once per view in violation.
2021-05-19 17:42:11.964 firefox-bin[91608:6542036] Warning: Expected min height of view: (<NSPopoverTouchBarItemButton: 0x145869800>) to be less than or equal to 30 but got a height of 32.000000. This error will be logged once per view in violation.
console.warn: SearchSettings: "get: No settings file exists, new profile?" (new Error("", "(unknown module)"))
console.warn: SearchSettings: "get: No settings file exists, new profile?" (new Error("", "(unknown module)"))
1621442533208	Marionette	INFO	Listening on port 62242
1621442533302	Marionette	WARN	TLS certificate errors will be ignored for this session
1621442533314	Marionette	ERROR	[19] No reply from Marionette:Register
1621442658511	geckodriver	INFO	Listening on 127.0.0.1:62367
1621442658518	mozrunner::runner	INFO	Running command: "/Applications/Firefox.app/Contents/MacOS/firefox-bin" "--marionette" "-foreground" "-no-remote" "-profile" "/var/folders/w8/hnjgznys1ndg4gv6qfwdhdtw0000gn/T/rust_mozprofiletjcIS9"
2021-05-19 17:44:20.281 firefox-bin[91698:6543816] Warning: Expected min height of view: (<NSButton: 0x133102400>) to be less than or equal to 30 but got a height of 32.000000. This error will be logged once per view in violation.
2021-05-19 17:44:20.281 firefox-bin[91698:6543816] Warning: Expected min height of view: (<NSButton: 0x141c19400>) to be less than or equal to 30 but got a height of 32.000000. This error will be logged once per view in violation.
2021-05-19 17:44:20.282 firefox-bin[91698:6543816] Warning: Expected min height of view: (<NSButton: 0x141c1a000>) to be less than or equal to 30 but got a height of 32.000000. This error will be logged once per view in violation.
2021-05-19 17:44:20.282 firefox-bin[91698:6543816] Warning: Expected min height of view: (<NSButton: 0x141c17c00>) to be less than or equal to 30 but got a height of 32.000000. This error will be logged once per view in violation.
2021-05-19 17:44:20.282 firefox-bin[91698:6543816] Warning: Expected min height of view: (<NSButton: 0x141c19800>) to be less than or equal to 30 but got a height of 32.000000. This error will be logged once per view in violation.
2021-05-19 17:44:20.283 firefox-bin[91698:6543816] Warning: Expected min height of view: (<NSPopoverTouchBarItemButton: 0x141c19c00>) to be less than or equal to 30 but got a height of 32.000000. This error will be logged once per view in violation.
2021-05-19 17:44:20.283 firefox-bin[91698:6543816] Warning: Expected min height of view: (<NSPopoverTouchBarItemButton: 0x14205f400>) to be less than or equal to 30 but got a height of 32.000000. This error will be logged once per view in violation.
console.warn: SearchSettings: "get: No settings file exists, new profile?" (new Error("", "(unknown module)"))
console.warn: SearchSettings: "get: No settings file exists, new profile?" (new Error("", "(unknown module)"))
1621442661476	Marionette	INFO	Listening on port 62376
1621442661541	Marionette	WARN	TLS certificate errors will be ignored for this session
1621442661552	Marionette	ERROR	[19] No reply from Marionette:Register
1621442690085	geckodriver	INFO	Listening on 127.0.0.1:62452
1621442691113	mozrunner::runner	INFO	Running command: "/Applications/Firefox.app/Contents/MacOS/firefox-bin" "--marionette" "-foreground" "-no-remote" "-profile" "/var/folders/w8/hnjgznys1ndg4gv6qfwdhdtw0000gn/T/rust_mozprofile6Jv1C4"
2021-05-19 17:44:52.823 firefox-bin[91738:6544518] Warning: Expected min height of view: (<NSButton: 0x146161800>) to be less than or equal to 30 but got a height of 32.000000. This error will be logged once per view in violation.
2021-05-19 17:44:52.823 firefox-bin[91738:6544518] Warning: Expected min height of view: (<NSButton: 0x146161400>) to be less than or equal to 30 but got a height of 32.000000. This error will be logged once per view in violation.
2021-05-19 17:44:52.823 firefox-bin[91738:6544518] Warning: Expected min height of view: (<NSButton: 0x14615ec00>) to be less than or equal to 30 but got a height of 32.000000. This error will be logged once per view in violation.
2021-05-19 17:44:52.824 firefox-bin[91738:6544518] Warning: Expected min height of view: (<NSButton: 0x146161c00>) to be less than or equal to 30 but got a height of 32.000000. This error will be logged once per view in violation.
2021-05-19 17:44:52.824 firefox-bin[91738:6544518] Warning: Expected min height of view: (<NSButton: 0x146164c00>) to be less than or equal to 30 but got a height of 32.000000. This error will be logged once per view in violation.
2021-05-19 17:44:52.824 firefox-bin[91738:6544518] Warning: Expected min height of view: (<NSPopoverTouchBarItemButton: 0x146160800>) to be less than or equal to 30 but got a height of 32.000000. This error will be logged once per view in violation.
2021-05-19 17:44:52.825 firefox-bin[91738:6544518] Warning: Expected min height of view: (<NSPopoverTouchBarItemButton: 0x146534000>) to be less than or equal to 30 but got a height of 32.000000. This error will be logged once per view in violation.
console.warn: SearchSettings: "get: No settings file exists, new profile?" (new Error("", "(unknown module)"))
console.warn: SearchSettings: "get: No settings file exists, new profile?" (new Error("", "(unknown module)"))
1621442693859	Marionette	INFO	Listening on port 62463
1621442693939	Marionette	WARN	TLS certificate errors will be ignored for this session
1621442693947	Marionette	ERROR	[19] No reply from Marionette:Register
1621442725434	geckodriver	INFO	Listening on 127.0.0.1:62543
1621442725441	mozrunner::runner	INFO	Running command: "/Applications/Firefox.app/Contents/MacOS/firefox-bin" "--marionette" "-foreground" "-no-remote" "-profile" "/var/folders/w8/hnjgznys1ndg4gv6qfwdhdtw0000gn/T/rust_mozprofileOOe8lp"
2021-05-19 17:45:27.139 firefox-bin[92190:6547130] Warning: Expected min height of view: (<NSButton: 0x145def800>) to be less than or equal to 30 but got a height of 32.000000. This error will be logged once per view in violation.
2021-05-19 17:45:27.140 firefox-bin[92190:6547130] Warning: Expected min height of view: (<NSButton: 0x145dee400>) to be less than or equal to 30 but got a height of 32.000000. This error will be logged once per view in violation.
2021-05-19 17:45:27.140 firefox-bin[92190:6547130] Warning: Expected min height of view: (<NSButton: 0x145dee000>) to be less than or equal to 30 but got a height of 32.000000. This error will be logged once per view in violation.
2021-05-19 17:45:27.140 firefox-bin[92190:6547130] Warning: Expected min height of view: (<NSButton: 0x145dedc00>) to be less than or equal to 30 but got a height of 32.000000. This error will be logged once per view in violation.
2021-05-19 17:45:27.141 firefox-bin[92190:6547130] Warning: Expected min height of view: (<NSButton: 0x145df4c00>) to be less than or equal to 30 but got a height of 32.000000. This error will be logged once per view in violation.
2021-05-19 17:45:27.141 firefox-bin[92190:6547130] Warning: Expected min height of view: (<NSPopoverTouchBarItemButton: 0x145df1800>) to be less than or equal to 30 but got a height of 32.000000. This error will be logged once per view in violation.
2021-05-19 17:45:27.142 firefox-bin[92190:6547130] Warning: Expected min height of view: (<NSPopoverTouchBarItemButton: 0x145ea7000>) to be less than or equal to 30 but got a height of 32.000000. This error will be logged once per view in violation.
console.warn: SearchSettings: "get: No settings file exists, new profile?" (new Error("", "(unknown module)"))
console.warn: SearchSettings: "get: No settings file exists, new profile?" (new Error("", "(unknown module)"))
1621442728378	Marionette	INFO	Listening on port 62552
1621442728470	Marionette	WARN	TLS certificate errors will be ignored for this session
1621442728481	Marionette	ERROR	[19] No reply from Marionette:Register
1621442761300	geckodriver	INFO	Listening on 127.0.0.1:62627
1621442761306	mozrunner::runner	INFO	Running command: "/Applications/Firefox.app/Contents/MacOS/firefox-bin" "--marionette" "-foreground" "-no-remote" "-profile" "/var/folders/w8/hnjgznys1ndg4gv6qfwdhdtw0000gn/T/rust_mozprofileNwhhM4"
2021-05-19 17:46:03.026 firefox-bin[92248:6548033] Warning: Expected min height of view: (<NSButton: 0x1456b2400>) to be less than or equal to 30 but got a height of 32.000000. This error will be logged once per view in violation.
2021-05-19 17:46:03.026 firefox-bin[92248:6548033] Warning: Expected min height of view: (<NSButton: 0x1456ae400>) to be less than or equal to 30 but got a height of 32.000000. This error will be logged once per view in violation.
2021-05-19 17:46:03.026 firefox-bin[92248:6548033] Warning: Expected min height of view: (<NSButton: 0x1456b0400>) to be less than or equal to 30 but got a height of 32.000000. This error will be logged once per view in violation.
2021-05-19 17:46:03.027 firefox-bin[92248:6548033] Warning: Expected min height of view: (<NSButton: 0x1456b1c00>) to be less than or equal to 30 but got a height of 32.000000. This error will be logged once per view in violation.
2021-05-19 17:46:03.027 firefox-bin[92248:6548033] Warning: Expected min height of view: (<NSButton: 0x1456b1400>) to be less than or equal to 30 but got a height of 32.000000. This error will be logged once per view in violation.
2021-05-19 17:46:03.027 firefox-bin[92248:6548033] Warning: Expected min height of view: (<NSPopoverTouchBarItemButton: 0x1456afc00>) to be less than or equal to 30 but got a height of 32.000000. This error will be logged once per view in violation.
2021-05-19 17:46:03.028 firefox-bin[92248:6548033] Warning: Expected min height of view: (<NSPopoverTouchBarItemButton: 0x145a39800>) to be less than or equal to 30 but got a height of 32.000000. This error will be logged once per view in violation.
console.warn: SearchSettings: "get: No settings file exists, new profile?" (new Error("", "(unknown module)"))
1621442763933	Marionette	INFO	Listening on port 62636
1621442764031	Marionette	WARN	TLS certificate errors will be ignored for this session
1621442764039	Marionette	ERROR	[19] No reply from Marionette:Register
console.warn: SearchSettings: "get: No settings file exists, new profile?" (new Error("", "(unknown module)"))
console.log: WebExtensions: reset-default-search: No addons in our list are installed.
console.log: WebExtensions: reset-default-search: No addons in our list are installed.
console.log: WebExtensions: reset-default-search: No addons in our list are installed.
console.log: WebExtensions: reset-default-search: No addons in our list are installed.
console.log: WebExtensions: reset-default-search: No addons in our list are installed.
1621444315951	Marionette	ERROR	[39] No reply from Marionette:Register
1621444316847	Marionette	ERROR	[41] No reply from Marionette:Register
1621444318106	Marionette	ERROR	[43] No reply from Marionette:Register
1621444319859	Marionette	INFO	Stopped listening on port 62636
1621444322646	Marionette	ERROR	[39] No reply from Marionette:Register
1621444323823	Marionette	ERROR	[41] No reply from Marionette:Register
1621444324768	Marionette	INFO	Stopped listening on port 62552

###!!! [Parent][RunMessage] Error: Channel closing: too late to send/recv, messages will be lost

1621444327979	Marionette	INFO	Stopped listening on port 62463

###!!! [Parent][RunMessage] Error: Channel closing: too late to send/recv, messages will be lost

1621444333646	Marionette	INFO	Stopped listening on port 62376
1621444339697	Marionette	INFO	Stopped listening on port 62242
1621444828391	geckodriver	INFO	Listening on 127.0.0.1:63258
1621444829417	mozrunner::runner	INFO	Running command: "/Applications/Firefox.app/Contents/MacOS/firefox-bin" "--marionette" "-foreground" "-no-remote" "-profile" "/var/folders/w8/hnjgznys1ndg4gv6qfwdhdtw0000gn/T/rust_mozprofile0AbeiJ"
2021-05-19 18:20:33.930 firefox-bin[95126:6577356] Warning: Expected min height of view: (<NSButton: 0x144107800>) to be less than or equal to 30 but got a height of 32.000000. This error will be logged once per view in violation.
2021-05-19 18:20:33.931 firefox-bin[95126:6577356] Warning: Expected min height of view: (<NSButton: 0x144103c00>) to be less than or equal to 30 but got a height of 32.000000. This error will be logged once per view in violation.
2021-05-19 18:20:33.931 firefox-bin[95126:6577356] Warning: Expected min height of view: (<NSButton: 0x144109000>) to be less than or equal to 30 but got a height of 32.000000. This error will be logged once per view in violation.
2021-05-19 18:20:33.932 firefox-bin[95126:6577356] Warning: Expected min height of view: (<NSButton: 0x144109800>) to be less than or equal to 30 but got a height of 32.000000. This error will be logged once per view in violation.
2021-05-19 18:20:33.932 firefox-bin[95126:6577356] Warning: Expected min height of view: (<NSButton: 0x14410a000>) to be less than or equal to 30 but got a height of 32.000000. This error will be logged once per view in violation.
2021-05-19 18:20:33.932 firefox-bin[95126:6577356] Warning: Expected min height of view: (<NSPopoverTouchBarItemButton: 0x144103800>) to be less than or equal to 30 but got a height of 32.000000. This error will be logged once per view in violation.
2021-05-19 18:20:33.933 firefox-bin[95126:6577356] Warning: Expected min height of view: (<NSPopoverTouchBarItemButton: 0x14414a400>) to be less than or equal to 30 but got a height of 32.000000. This error will be logged once per view in violation.
console.warn: SearchSettings: "get: No settings file exists, new profile?" (new Error("", "(unknown module)"))
console.warn: SearchSettings: "get: No settings file exists, new profile?" (new Error("", "(unknown module)"))
1621444835223	Marionette	INFO	Listening on port 63269
1621444835321	Marionette	WARN	TLS certificate errors will be ignored for this session
1621444835331	Marionette	ERROR	[19] No reply from Marionette:Register
1621444863462	geckodriver	INFO	Listening on 127.0.0.1:63376
1621444863469	mozrunner::runner	INFO	Running command: "/Applications/Firefox.app/Contents/MacOS/firefox-bin" "--marionette" "-foreground" "-no-remote" "-profile" "/var/folders/w8/hnjgznys1ndg4gv6qfwdhdtw0000gn/T/rust_mozprofilePPOKHn"
2021-05-19 18:21:05.058 firefox-bin[95355:6578937] Warning: Expected min height of view: (<NSButton: 0x143dd2800>) to be less than or equal to 30 but got a height of 32.000000. This error will be logged once per view in violation.
2021-05-19 18:21:05.058 firefox-bin[95355:6578937] Warning: Expected min height of view: (<NSButton: 0x143dd3400>) to be less than or equal to 30 but got a height of 32.000000. This error will be logged once per view in violation.
2021-05-19 18:21:05.059 firefox-bin[95355:6578937] Warning: Expected min height of view: (<NSButton: 0x143dd3800>) to be less than or equal to 30 but got a height of 32.000000. This error will be logged once per view in violation.
2021-05-19 18:21:05.059 firefox-bin[95355:6578937] Warning: Expected min height of view: (<NSButton: 0x143dcec00>) to be less than or equal to 30 but got a height of 32.000000. This error will be logged once per view in violation.
2021-05-19 18:21:05.059 firefox-bin[95355:6578937] Warning: Expected min height of view: (<NSButton: 0x143dd0c00>) to be less than or equal to 30 but got a height of 32.000000. This error will be logged once per view in violation.
2021-05-19 18:21:05.060 firefox-bin[95355:6578937] Warning: Expected min height of view: (<NSPopoverTouchBarItemButton: 0x143dcf800>) to be less than or equal to 30 but got a height of 32.000000. This error will be logged once per view in violation.
2021-05-19 18:21:05.060 firefox-bin[95355:6578937] Warning: Expected min height of view: (<NSPopoverTouchBarItemButton: 0x14405a800>) to be less than or equal to 30 but got a height of 32.000000. This error will be logged once per view in violation.
console.warn: SearchSettings: "get: No settings file exists, new profile?" (new Error("", "(unknown module)"))
console.warn: SearchSettings: "get: No settings file exists, new profile?" (new Error("", "(unknown module)"))
1621444866118	Marionette	INFO	Listening on port 63385
1621444866192	Marionette	WARN	TLS certificate errors will be ignored for this session
1621444866200	Marionette	ERROR	[19] No reply from Marionette:Register
1621444890684	geckodriver	INFO	Listening on 127.0.0.1:63459
1621444890691	mozrunner::runner	INFO	Running command: "/Applications/Firefox.app/Contents/MacOS/firefox-bin" "--marionette" "-foreground" "-no-remote" "-profile" "/var/folders/w8/hnjgznys1ndg4gv6qfwdhdtw0000gn/T/rust_mozprofilepNpScY"
2021-05-19 18:21:32.276 firefox-bin[95410:6579780] Warning: Expected min height of view: (<NSButton: 0x143cc1c00>) to be less than or equal to 30 but got a height of 32.000000. This error will be logged once per view in violation.
2021-05-19 18:21:32.277 firefox-bin[95410:6579780] Warning: Expected min height of view: (<NSButton: 0x143cba800>) to be less than or equal to 30 but got a height of 32.000000. This error will be logged once per view in violation.
2021-05-19 18:21:32.277 firefox-bin[95410:6579780] Warning: Expected min height of view: (<NSButton: 0x143cbb000>) to be less than or equal to 30 but got a height of 32.000000. This error will be logged once per view in violation.
2021-05-19 18:21:32.277 firefox-bin[95410:6579780] Warning: Expected min height of view: (<NSButton: 0x143cbec00>) to be less than or equal to 30 but got a height of 32.000000. This error will be logged once per view in violation.
2021-05-19 18:21:32.278 firefox-bin[95410:6579780] Warning: Expected min height of view: (<NSButton: 0x143cbc000>) to be less than or equal to 30 but got a height of 32.000000. This error will be logged once per view in violation.
2021-05-19 18:21:32.278 firefox-bin[95410:6579780] Warning: Expected min height of view: (<NSPopoverTouchBarItemButton: 0x143cbf800>) to be less than or equal to 30 but got a height of 32.000000. This error will be logged once per view in violation.
2021-05-19 18:21:32.278 firefox-bin[95410:6579780] Warning: Expected min height of view: (<NSPopoverTouchBarItemButton: 0x144058c00>) to be less than or equal to 30 but got a height of 32.000000. This error will be logged once per view in violation.
console.warn: SearchSettings: "get: No settings file exists, new profile?" (new Error("", "(unknown module)"))
console.warn: SearchSettings: "get: No settings file exists, new profile?" (new Error("", "(unknown module)"))
1621444893407	Marionette	INFO	Listening on port 63468
1621444893507	Marionette	WARN	TLS certificate errors will be ignored for this session
1621444893517	Marionette	ERROR	[19] No reply from Marionette:Register
console.log: WebExtensions: reset-default-search: No addons in our list are installed.
console.log: WebExtensions: reset-default-search: No addons in our list are installed.
console.log: WebExtensions: reset-default-search: No addons in our list are installed.
1621445405872	geckodriver	INFO	Listening on 127.0.0.1:63748
1621445405880	mozrunner::runner	INFO	Running command: "/Applications/Firefox.app/Contents/MacOS/firefox-bin" "--marionette" "-foreground" "-no-remote" "-profile" "/var/folders/w8/hnjgznys1ndg4gv6qfwdhdtw0000gn/T/rust_mozprofileKGUcEr"
2021-05-19 18:30:09.063 firefox-bin[96496:6591723] Warning: Expected min height of view: (<NSButton: 0x1456a5c00>) to be less than or equal to 30 but got a height of 32.000000. This error will be logged once per view in violation.
2021-05-19 18:30:09.063 firefox-bin[96496:6591723] Warning: Expected min height of view: (<NSButton: 0x1456a5000>) to be less than or equal to 30 but got a height of 32.000000. This error will be logged once per view in violation.
2021-05-19 18:30:09.064 firefox-bin[96496:6591723] Warning: Expected min height of view: (<NSButton: 0x1456a4800>) to be less than or equal to 30 but got a height of 32.000000. This error will be logged once per view in violation.
2021-05-19 18:30:09.064 firefox-bin[96496:6591723] Warning: Expected min height of view: (<NSButton: 0x1456a1000>) to be less than or equal to 30 but got a height of 32.000000. This error will be logged once per view in violation.
2021-05-19 18:30:09.064 firefox-bin[96496:6591723] Warning: Expected min height of view: (<NSButton: 0x1456a2000>) to be less than or equal to 30 but got a height of 32.000000. This error will be logged once per view in violation.
2021-05-19 18:30:09.065 firefox-bin[96496:6591723] Warning: Expected min height of view: (<NSPopoverTouchBarItemButton: 0x1456a7000>) to be less than or equal to 30 but got a height of 32.000000. This error will be logged once per view in violation.
2021-05-19 18:30:09.065 firefox-bin[96496:6591723] Warning: Expected min height of view: (<NSPopoverTouchBarItemButton: 0x145948c00>) to be less than or equal to 30 but got a height of 32.000000. This error will be logged once per view in violation.
console.warn: SearchSettings: "get: No settings file exists, new profile?" (new Error("", "(unknown module)"))
console.warn: SearchSettings: "get: No settings file exists, new profile?" (new Error("", "(unknown module)"))
1621445410200	Marionette	INFO	Listening on port 63757
1621445410275	Marionette	WARN	TLS certificate errors will be ignored for this session
1621445410286	Marionette	ERROR	[19] No reply from Marionette:Register
1621445435063	geckodriver	INFO	Listening on 127.0.0.1:63849
1621445435073	mozrunner::runner	INFO	Running command: "/Applications/Firefox.app/Contents/MacOS/firefox-bin" "--marionette" "-foreground" "-no-remote" "-profile" "/var/folders/w8/hnjgznys1ndg4gv6qfwdhdtw0000gn/T/rust_mozprofileMfRooX"
2021-05-19 18:30:36.809 firefox-bin[96543:6592485] Warning: Expected min height of view: (<NSButton: 0x1418c1000>) to be less than or equal to 30 but got a height of 32.000000. This error will be logged once per view in violation.
2021-05-19 18:30:36.810 firefox-bin[96543:6592485] Warning: Expected min height of view: (<NSButton: 0x1418bf800>) to be less than or equal to 30 but got a height of 32.000000. This error will be logged once per view in violation.
2021-05-19 18:30:36.810 firefox-bin[96543:6592485] Warning: Expected min height of view: (<NSButton: 0x1418bdc00>) to be less than or equal to 30 but got a height of 32.000000. This error will be logged once per view in violation.
2021-05-19 18:30:36.810 firefox-bin[96543:6592485] Warning: Expected min height of view: (<NSButton: 0x1418c0000>) to be less than or equal to 30 but got a height of 32.000000. This error will be logged once per view in violation.
2021-05-19 18:30:36.811 firefox-bin[96543:6592485] Warning: Expected min height of view: (<NSButton: 0x1418bec00>) to be less than or equal to 30 but got a height of 32.000000. This error will be logged once per view in violation.
2021-05-19 18:30:36.811 firefox-bin[96543:6592485] Warning: Expected min height of view: (<NSPopoverTouchBarItemButton: 0x1418bd000>) to be less than or equal to 30 but got a height of 32.000000. This error will be logged once per view in violation.
2021-05-19 18:30:36.811 firefox-bin[96543:6592485] Warning: Expected min height of view: (<NSPopoverTouchBarItemButton: 0x141b5c800>) to be less than or equal to 30 but got a height of 32.000000. This error will be logged once per view in violation.
console.warn: SearchSettings: "get: No settings file exists, new profile?" (new Error("", "(unknown module)"))
console.warn: SearchSettings: "get: No settings file exists, new profile?" (new Error("", "(unknown module)"))
1621445437940	Marionette	INFO	Listening on port 63858
1621445437987	Marionette	WARN	TLS certificate errors will be ignored for this session
1621445437997	Marionette	ERROR	[19] No reply from Marionette:Register
